2022-08-19 11:34:21,290:INFO: device: cpu, n_gpu: 0, 16-bits training: False
2022-08-19 11:34:21,290:INFO: Loading the datasets...
2022-08-19 11:34:21,290:ERROR: Model name 'bert-base-uncased-pytorch' was not found in model name list (bert-base-uncased, bert-large-uncased, bert-base-cased, bert-large-cased, bert-base-multilingual-uncased, bert-base-multilingual-cased, bert-base-chinese). We assumed 'bert-base-uncased-pytorch' was a path or url but couldn't find any file associated to this path or url.
2022-08-19 19:16:24,010:INFO: device: cpu, n_gpu: 0, 16-bits training: False
2022-08-19 19:16:24,010:INFO: Loading the datasets...
2022-08-19 19:16:24,938:INFO: loading vocabulary file https://s3.amazonaws.com/models.huggingface.co/bert/bert-base-uncased-vocab.txt from cache at C:\Users\Harsh\.pytorch_pretrained_bert\26bc1ad6c0ac742e9b52263248f6d0f00068293b33709fae12320c0e35ccfbbb.542ce4285a40d23a559526243235df47c5f75c197f04f37d1a0c124c32c9a084
2022-08-19 19:53:26,783:INFO: device: cpu, n_gpu: 0, 16-bits training: False
2022-08-19 19:53:26,783:INFO: Loading the datasets...
2022-08-19 19:53:28,024:INFO: loading vocabulary file https://s3.amazonaws.com/models.huggingface.co/bert/bert-base-uncased-vocab.txt from cache at C:\Users\Harsh\.pytorch_pretrained_bert\26bc1ad6c0ac742e9b52263248f6d0f00068293b33709fae12320c0e35ccfbbb.542ce4285a40d23a559526243235df47c5f75c197f04f37d1a0c124c32c9a084
2022-08-19 19:54:16,342:INFO: device: cpu, n_gpu: 0, 16-bits training: False
2022-08-19 19:54:16,342:INFO: Loading the datasets...
2022-08-19 19:54:18,532:INFO: loading vocabulary file https://s3.amazonaws.com/models.huggingface.co/bert/bert-base-uncased-vocab.txt from cache at C:\Users\Harsh\.pytorch_pretrained_bert\26bc1ad6c0ac742e9b52263248f6d0f00068293b33709fae12320c0e35ccfbbb.542ce4285a40d23a559526243235df47c5f75c197f04f37d1a0c124c32c9a084
2022-08-19 19:54:27,613:INFO: device: cpu, n_gpu: 0, 16-bits training: False
2022-08-19 19:54:27,613:INFO: Loading the datasets...
2022-08-19 19:54:27,613:ERROR: Model name 'model/' was not found in model name list (bert-base-uncased, bert-large-uncased, bert-base-cased, bert-large-cased, bert-base-multilingual-uncased, bert-base-multilingual-cased, bert-base-chinese). We assumed 'model/' was a path or url but couldn't find any file associated to this path or url.
2022-08-19 19:55:20,454:INFO: device: cpu, n_gpu: 0, 16-bits training: False
2022-08-19 19:55:20,454:INFO: Loading the datasets...
2022-08-19 19:55:21,663:INFO: loading vocabulary file https://s3.amazonaws.com/models.huggingface.co/bert/bert-base-uncased-vocab.txt from cache at C:\Users\Harsh\.pytorch_pretrained_bert\26bc1ad6c0ac742e9b52263248f6d0f00068293b33709fae12320c0e35ccfbbb.542ce4285a40d23a559526243235df47c5f75c197f04f37d1a0c124c32c9a084
2022-08-19 19:57:23,243:INFO: device: cpu, n_gpu: 0, 16-bits training: False
2022-08-19 19:57:23,243:INFO: Loading the datasets...
2022-08-19 19:57:24,199:INFO: loading vocabulary file https://s3.amazonaws.com/models.huggingface.co/bert/bert-base-uncased-vocab.txt from cache at C:\Users\Harsh\.pytorch_pretrained_bert\26bc1ad6c0ac742e9b52263248f6d0f00068293b33709fae12320c0e35ccfbbb.542ce4285a40d23a559526243235df47c5f75c197f04f37d1a0c124c32c9a084
2022-08-19 19:58:19,561:INFO: device: cpu, n_gpu: 0, 16-bits training: False
2022-08-19 19:58:19,561:INFO: Loading the datasets...
2022-08-19 19:58:20,616:INFO: loading vocabulary file https://s3.amazonaws.com/models.huggingface.co/bert/bert-base-uncased-vocab.txt from cache at C:\Users\Harsh\.pytorch_pretrained_bert\26bc1ad6c0ac742e9b52263248f6d0f00068293b33709fae12320c0e35ccfbbb.542ce4285a40d23a559526243235df47c5f75c197f04f37d1a0c124c32c9a084
2022-08-19 19:59:55,943:INFO: device: cpu, n_gpu: 0, 16-bits training: False
2022-08-19 19:59:55,943:INFO: Loading the datasets...
2022-08-19 20:00:49,347:INFO: device: cpu, n_gpu: 0, 16-bits training: False
2022-08-19 20:00:49,347:INFO: Loading the datasets...
2022-08-19 20:35:42,071:INFO: device: cpu, n_gpu: 0, 16-bits training: False
2022-08-19 20:35:42,071:INFO: Loading the datasets...
2022-08-19 20:35:43,245:INFO: loading vocabulary file https://s3.amazonaws.com/models.huggingface.co/bert/bert-base-uncased-vocab.txt from cache at C:\Users\Harsh\.pytorch_pretrained_bert\26bc1ad6c0ac742e9b52263248f6d0f00068293b33709fae12320c0e35ccfbbb.542ce4285a40d23a559526243235df47c5f75c197f04f37d1a0c124c32c9a084
2022-08-19 21:37:55,360:INFO: device: cpu, n_gpu: 0, 16-bits training: False
2022-08-19 21:37:55,378:INFO: Loading the datasets...
2022-08-19 21:37:56,512:INFO: loading vocabulary file https://s3.amazonaws.com/models.huggingface.co/bert/bert-base-uncased-vocab.txt from cache at C:\Users\Harsh\.pytorch_pretrained_bert\26bc1ad6c0ac742e9b52263248f6d0f00068293b33709fae12320c0e35ccfbbb.542ce4285a40d23a559526243235df47c5f75c197f04f37d1a0c124c32c9a084
2022-08-19 21:38:07,016:INFO: device: cpu, n_gpu: 0, 16-bits training: False
2022-08-19 21:38:07,017:INFO: Loading the datasets...
2022-08-19 21:38:29,610:INFO: device: cpu, n_gpu: 0, 16-bits training: False
2022-08-19 21:38:29,611:INFO: Loading the datasets...
2022-08-19 21:42:12,586:INFO: device: cpu, n_gpu: 0, 16-bits training: False
2022-08-19 21:42:12,586:INFO: Loading the datasets...
2022-08-19 21:42:12,586:ERROR: Model name 'model/' was not found in model name list (bert-base-uncased, bert-large-uncased, bert-base-cased, bert-large-cased, bert-base-multilingual-uncased, bert-base-multilingual-cased, bert-base-chinese). We assumed 'model/vocab.txt' was a path or url but couldn't find any file associated to this path or url.
2022-08-19 22:27:25,300:INFO: device: cpu, n_gpu: 0, 16-bits training: False
2022-08-19 22:27:25,300:INFO: Loading the datasets...
2022-08-19 22:27:25,301:ERROR: Model name 'model/bert-base-uncased/' was not found in model name list (bert-base-uncased, bert-large-uncased, bert-base-cased, bert-large-cased, bert-base-multilingual-uncased, bert-base-multilingual-cased, bert-base-chinese). We assumed 'model/bert-base-uncased/' was a path or url but couldn't find any file associated to this path or url.
2022-08-19 22:27:32,421:INFO: device: cpu, n_gpu: 0, 16-bits training: False
2022-08-19 22:27:32,421:INFO: Loading the datasets...
2022-08-19 22:27:32,421:ERROR: Model name 'bert-base-uncased/' was not found in model name list (bert-base-uncased, bert-large-uncased, bert-base-cased, bert-large-cased, bert-base-multilingual-uncased, bert-base-multilingual-cased, bert-base-chinese). We assumed 'bert-base-uncased/' was a path or url but couldn't find any file associated to this path or url.
2022-08-19 22:27:51,248:INFO: device: cpu, n_gpu: 0, 16-bits training: False
2022-08-19 22:27:51,249:INFO: Loading the datasets...
2022-08-19 22:27:53,765:INFO: loading vocabulary file https://s3.amazonaws.com/models.huggingface.co/bert/bert-base-uncased-vocab.txt from cache at C:\Users\Harsh\.pytorch_pretrained_bert\26bc1ad6c0ac742e9b52263248f6d0f00068293b33709fae12320c0e35ccfbbb.542ce4285a40d23a559526243235df47c5f75c197f04f37d1a0c124c32c9a084
2022-08-19 22:35:35,798:INFO: device: cpu, n_gpu: 0, 16-bits training: False
2022-08-19 22:35:35,798:INFO: Loading the datasets...
2022-08-19 22:35:35,798:ERROR: Model name 'model/' was not found in model name list (bert-base-uncased, bert-large-uncased, bert-base-cased, bert-large-cased, bert-base-multilingual-uncased, bert-base-multilingual-cased, bert-base-chinese). We assumed 'model/vocab.txt' was a path or url but couldn't find any file associated to this path or url.
2022-08-19 22:38:34,284:INFO: device: cpu, n_gpu: 0, 16-bits training: False
2022-08-19 22:38:34,284:INFO: Loading the datasets...
2022-08-19 22:38:34,284:ERROR: Model name 'model/' was not found in model name list (bert-base-uncased, bert-large-uncased, bert-base-cased, bert-large-cased, bert-base-multilingual-uncased, bert-base-multilingual-cased, bert-base-chinese). We assumed 'model/vocab.txt' was a path or url but couldn't find any file associated to this path or url.
